
> sms-api@1.0.0 start
> node src/server.js

Twilio configuré avec succès
Mode de fonctionnement: PRODUCTION
node:events:495
      throw er; // Unhandled 'error' event
      ^

Error: listen EADDRINUSE: address already in use :::3000
    at Server.setupListenHandle [as _listen2] (node:net:1811:16)
Erreur Twilio: The number +3361234XXXX is unverified. Trial accounts cannot send messages to unverified numbers; verify +3361234XXXX at twilio.com/user/account/phone-numbers/verified, or purchase a Twilio number to send messages to unverified numbers
Erreur route /send-sms: The number +3361234XXXX is unverified. Trial accounts cannot send messages to unverified numbers; verify +3361234XXXX at twilio.com/user/account/phone-numbers/verified, or purchase a Twilio number to send messages to unverified numbers
Erreur Twilio: The number +3369876XXXX is unverified. Trial accounts cannot send messages to unverified numbers; verify +3369876XXXX at twilio.com/user/account/phone-numbers/verified, or purchase a Twilio number to send messages to unverified numbers
Erreur route /send-sms: The number +3369876XXXX is unverified. Trial accounts cannot send messages to unverified numbers; verify +3369876XXXX at twilio.com/user/account/phone-numbers/verified, or purchase a Twilio number to send messages to unverified numbers
home/hassani/jdc_test-/JDC/smsjdc/server.js:450:5)
    at Module._compile (node:internal/modules/cjs/loader:1356:14)
    at Module._extensions..js (node:internal/modules/cjs/loader:1414:10)
    at Module.load (node:internal/modules/cjs/loader:1197:32)
    at Module._load (node:internal/modules/cjs/loader:1013:12)
    at Function.executeUserEntryPoint [as runMain] (node:internal/modules/run_main:128:12)
Emitted 'error' event on Server instance at:
    at emitErrorNT (node:net:1838:8)
    at process.processTicksAndRejections (node:internal/process/task_queues:82:21) {
  code: 'EADDRINUSE',
  errno: -98,
  syscall: 'listen',
  address: '::',
  port: 3030
}

Node.js v18.19.1
Premier endpoint historique échoué, essai avec le second...
Échec de récupération depuis l'API, utilisation de l'historique local
Premier endpoint historique échoué, essai avec le second...
Échec de récupération depuis l'API, utilisation de l'historique local
Envoi SMS: { to: '+33612345678', message: 'Bonjour, ceci est un...' }
Erreur envoi SMS: Request failed with status code 500
Envoi SMS: { to: '+33698765432', message: 'Deuxième message de ...' }
Erreur envoi SMS: Request failed with status code 500
Premier endpoint historique échoué, essai avec le second...
Échec de récupération depuis l'API, utilisation de l'historique local
Premier endpoint historique échoué, essai avec le second...
Échec de récupération depuis l'API, utilisation de l'historique local
Premier endpoint historique échoué, essai avec le second...
Échec de récupération depuis l'API, utilisation de l'historique local
Premier endpoint historique échoué, essai avec le second...
Échec de récupération depuis l'API, utilisation de l'historique local
Premier endpoint historique échoué, essai avec le second...
Échec de récupération depuis l'API, utilisation de l'historique local
Premier endpoint historique échoué, essai avec le second...
Échec de récupération depuis l'API, utilisation de l'historique local
Premier endpoint historique échoué, essai avec le second...
Échec de récupération depuis l'API, utilisation de l'historique local
Premier endpoint historique échoué, essai avec le second...
Échec de récupération depuis l'API, utilisation de l'historique local
